CRITICAL - 2023-07-11 00:54:02 --> Invalid file: "view\Layout\wahyu_32602100089.php"
in SYSTEMPATH\Exceptions\FrameworkException.php on line 33.
 1 SYSTEMPATH\View\View.php(201): CodeIgniter\Exceptions\FrameworkException::forInvalidFile('view\\Layout\\wahyu_32602100089.php')
 2 SYSTEMPATH\Common.php(1184): CodeIgniter\View\View->render('view\\Layout\\wahyu_32602100089', [], true)
 3 APPPATH\Controllers\LY.php(9): view('view\\Layout\\wahyu_32602100089')
 4 SYSTEMPATH\CodeIgniter.php(934): App\Controllers\LY->index()
 5 SYSTEMPATH\CodeIgniter.php(499): CodeIgniter\CodeIgniter->runController(Object(App\Controllers\LY))
 6 SYSTEMPATH\CodeIgniter.php(368): CodeIgniter\CodeIgniter->handleRequest(null, Object(Config\Cache), false)
 7 FCPATH\index.php(67): CodeIgniter\CodeIgniter->run()
 8 SYSTEMPATH\Commands\Server\rewrite.php(47): require_once('C:\\xampp\\htdocs\\webpro\\public\\index.php')
CRITICAL - 2023-07-11 00:54:27 --> Invalid file: "Layout\wahyu_32602100089.php"
in SYSTEMPATH\Exceptions\FrameworkException.php on line 33.
 1 SYSTEMPATH\View\View.php(201): CodeIgniter\Exceptions\FrameworkException::forInvalidFile('Layout\\wahyu_32602100089.php')
 2 SYSTEMPATH\Common.php(1184): CodeIgniter\View\View->render('Layout\\wahyu_32602100089', [], true)
 3 APPPATH\Controllers\LY.php(9): view('Layout\\wahyu_32602100089')
 4 SYSTEMPATH\CodeIgniter.php(934): App\Controllers\LY->index()
 5 SYSTEMPATH\CodeIgniter.php(499): CodeIgniter\CodeIgniter->runController(Object(App\Controllers\LY))
 6 SYSTEMPATH\CodeIgniter.php(368): CodeIgniter\CodeIgniter->handleRequest(null, Object(Config\Cache), false)
 7 FCPATH\index.php(67): CodeIgniter\CodeIgniter->run()
 8 SYSTEMPATH\Commands\Server\rewrite.php(47): require_once('C:\\xampp\\htdocs\\webpro\\public\\index.php')
CRITICAL - 2023-07-11 00:55:25 --> Invalid file: "Layout/wahyu_326021000089.php"
in SYSTEMPATH\Exceptions\FrameworkException.php on line 33.
 1 SYSTEMPATH\View\View.php(201): CodeIgniter\Exceptions\FrameworkException::forInvalidFile('Layout/wahyu_326021000089.php')
 2 SYSTEMPATH\View\View.php(229): CodeIgniter\View\View->render('Layout/wahyu_326021000089', [], true)
 3 SYSTEMPATH\Common.php(1184): CodeIgniter\View\View->render('try', [], true)
 4 APPPATH\Controllers\LY.php(9): view('try')
 5 SYSTEMPATH\CodeIgniter.php(934): App\Controllers\LY->index()
 6 SYSTEMPATH\CodeIgniter.php(499): CodeIgniter\CodeIgniter->runController(Object(App\Controllers\LY))
 7 SYSTEMPATH\CodeIgniter.php(368): CodeIgniter\CodeIgniter->handleRequest(null, Object(Config\Cache), false)
 8 FCPATH\index.php(67): CodeIgniter\CodeIgniter->run()
 9 SYSTEMPATH\Commands\Server\rewrite.php(47): require_once('C:\\xampp\\htdocs\\webpro\\public\\index.php')
CRITICAL - 2023-07-11 06:54:12 --> Invalid file: "try1.php"
in SYSTEMPATH\Exceptions\FrameworkException.php on line 33.
 1 SYSTEMPATH\View\View.php(201): CodeIgniter\Exceptions\FrameworkException::forInvalidFile('try1.php')
 2 SYSTEMPATH\Common.php(1184): CodeIgniter\View\View->render('try1', [], true)
 3 APPPATH\Controllers\LY.php(9): view('try1')
 4 SYSTEMPATH\CodeIgniter.php(934): App\Controllers\LY->index()
 5 SYSTEMPATH\CodeIgniter.php(499): CodeIgniter\CodeIgniter->runController(Object(App\Controllers\LY))
 6 SYSTEMPATH\CodeIgniter.php(368): CodeIgniter\CodeIgniter->handleRequest(null, Object(Config\Cache), false)
 7 FCPATH\index.php(67): CodeIgniter\CodeIgniter->run()
 8 SYSTEMPATH\Commands\Server\rewrite.php(47): require_once('C:\\xampp\\htdocs\\webpro\\public\\index.php')
CRITICAL - 2023-07-11 07:19:26 --> Call to undefined function App\Controllers\view\Layout()
in APPPATH\Controllers\LY.php on line 9.
 1 SYSTEMPATH\CodeIgniter.php(934): App\Controllers\LY->index()
 2 SYSTEMPATH\CodeIgniter.php(499): CodeIgniter\CodeIgniter->runController(Object(App\Controllers\LY))
 3 SYSTEMPATH\CodeIgniter.php(368): CodeIgniter\CodeIgniter->handleRequest(null, Object(Config\Cache), false)
 4 FCPATH\index.php(67): CodeIgniter\CodeIgniter->run()
 5 SYSTEMPATH\Commands\Server\rewrite.php(47): require_once('C:\\xampp\\htdocs\\webpro\\public\\index.php')
CRITICAL - 2023-07-11 07:19:53 --> Invalid file: "32602100089_wahyu.php"
in SYSTEMPATH\Exceptions\FrameworkException.php on line 33.
 1 SYSTEMPATH\View\View.php(201): CodeIgniter\Exceptions\FrameworkException::forInvalidFile('32602100089_wahyu.php')
 2 SYSTEMPATH\Common.php(1184): CodeIgniter\View\View->render('32602100089_wahyu', [], true)
 3 APPPATH\Controllers\LY.php(9): view('32602100089_wahyu')
 4 SYSTEMPATH\CodeIgniter.php(934): App\Controllers\LY->index()
 5 SYSTEMPATH\CodeIgniter.php(499): CodeIgniter\CodeIgniter->runController(Object(App\Controllers\LY))
 6 SYSTEMPATH\CodeIgniter.php(368): CodeIgniter\CodeIgniter->handleRequest(null, Object(Config\Cache), false)
 7 FCPATH\index.php(67): CodeIgniter\CodeIgniter->run()
 8 SYSTEMPATH\Commands\Server\rewrite.php(47): require_once('C:\\xampp\\htdocs\\webpro\\public\\index.php')
CRITICAL - 2023-07-11 07:22:20 --> Invalid file: "<Layout>32602100089_wahyu.php"
in SYSTEMPATH\Exceptions\FrameworkException.php on line 33.
 1 SYSTEMPATH\View\View.php(201): CodeIgniter\Exceptions\FrameworkException::forInvalidFile('<Layout>32602100089_wahyu.php')
 2 SYSTEMPATH\Common.php(1184): CodeIgniter\View\View->render('<Layout>32602100089_wahyu', [], true)
 3 APPPATH\Controllers\LY.php(9): view('<Layout>32602100089_wahyu')
 4 SYSTEMPATH\CodeIgniter.php(934): App\Controllers\LY->index()
 5 SYSTEMPATH\CodeIgniter.php(499): CodeIgniter\CodeIgniter->runController(Object(App\Controllers\LY))
 6 SYSTEMPATH\CodeIgniter.php(368): CodeIgniter\CodeIgniter->handleRequest(null, Object(Config\Cache), false)
 7 FCPATH\index.php(67): CodeIgniter\CodeIgniter->run()
 8 SYSTEMPATH\Commands\Server\rewrite.php(47): require_once('C:\\xampp\\htdocs\\webpro\\public\\index.php')
CRITICAL - 2023-07-11 07:30:21 --> Invalid file: "Layout/wahyu_32602100089.php"
in SYSTEMPATH\Exceptions\FrameworkException.php on line 33.
 1 SYSTEMPATH\View\View.php(201): CodeIgniter\Exceptions\FrameworkException::forInvalidFile('Layout/wahyu_32602100089.php')
 2 SYSTEMPATH\Common.php(1184): CodeIgniter\View\View->render('Layout/wahyu_32602100089', [], true)
 3 APPPATH\Controllers\LY.php(10): view('Layout/wahyu_32602100089')
 4 SYSTEMPATH\CodeIgniter.php(934): App\Controllers\LY->index()
 5 SYSTEMPATH\CodeIgniter.php(499): CodeIgniter\CodeIgniter->runController(Object(App\Controllers\LY))
 6 SYSTEMPATH\CodeIgniter.php(368): CodeIgniter\CodeIgniter->handleRequest(null, Object(Config\Cache), false)
 7 FCPATH\index.php(67): CodeIgniter\CodeIgniter->run()
 8 SYSTEMPATH\Commands\Server\rewrite.php(47): require_once('C:\\xampp\\htdocs\\webpro\\public\\index.php')
CRITICAL - 2023-07-11 07:31:37 --> Invalid file: "Layout/wahyu_326021000089.php"
in SYSTEMPATH\Exceptions\FrameworkException.php on line 33.
 1 SYSTEMPATH\View\View.php(201): CodeIgniter\Exceptions\FrameworkException::forInvalidFile('Layout/wahyu_326021000089.php')
 2 SYSTEMPATH\View\View.php(229): CodeIgniter\View\View->render('Layout/wahyu_326021000089', [], true)
 3 SYSTEMPATH\Common.php(1184): CodeIgniter\View\View->render('Layout/wahyu _32602100089', [], true)
 4 APPPATH\Controllers\LY.php(10): view('Layout/wahyu _32602100089')
 5 SYSTEMPATH\CodeIgniter.php(934): App\Controllers\LY->index()
 6 SYSTEMPATH\CodeIgniter.php(499): CodeIgniter\CodeIgniter->runController(Object(App\Controllers\LY))
 7 SYSTEMPATH\CodeIgniter.php(368): CodeIgniter\CodeIgniter->handleRequest(null, Object(Config\Cache), false)
 8 FCPATH\index.php(67): CodeIgniter\CodeIgniter->run()
 9 SYSTEMPATH\Commands\Server\rewrite.php(47): require_once('C:\\xampp\\htdocs\\webpro\\public\\index.php')
CRITICAL - 2023-07-11 07:31:38 --> Invalid file: "Layout/wahyu_326021000089.php"
in SYSTEMPATH\Exceptions\FrameworkException.php on line 33.
 1 SYSTEMPATH\View\View.php(201): CodeIgniter\Exceptions\FrameworkException::forInvalidFile('Layout/wahyu_326021000089.php')
 2 SYSTEMPATH\View\View.php(229): CodeIgniter\View\View->render('Layout/wahyu_326021000089', [], true)
 3 SYSTEMPATH\Common.php(1184): CodeIgniter\View\View->render('Layout/wahyu _32602100089', [], true)
 4 APPPATH\Controllers\LY.php(10): view('Layout/wahyu _32602100089')
 5 SYSTEMPATH\CodeIgniter.php(934): App\Controllers\LY->index()
 6 SYSTEMPATH\CodeIgniter.php(499): CodeIgniter\CodeIgniter->runController(Object(App\Controllers\LY))
 7 SYSTEMPATH\CodeIgniter.php(368): CodeIgniter\CodeIgniter->handleRequest(null, Object(Config\Cache), false)
 8 FCPATH\index.php(67): CodeIgniter\CodeIgniter->run()
 9 SYSTEMPATH\Commands\Server\rewrite.php(47): require_once('C:\\xampp\\htdocs\\webpro\\public\\index.php')
CRITICAL - 2023-07-11 07:31:39 --> Invalid file: "Layout/wahyu_326021000089.php"
in SYSTEMPATH\Exceptions\FrameworkException.php on line 33.
 1 SYSTEMPATH\View\View.php(201): CodeIgniter\Exceptions\FrameworkException::forInvalidFile('Layout/wahyu_326021000089.php')
 2 SYSTEMPATH\View\View.php(229): CodeIgniter\View\View->render('Layout/wahyu_326021000089', [], true)
 3 SYSTEMPATH\Common.php(1184): CodeIgniter\View\View->render('Layout/wahyu _32602100089', [], true)
 4 APPPATH\Controllers\LY.php(10): view('Layout/wahyu _32602100089')
 5 SYSTEMPATH\CodeIgniter.php(934): App\Controllers\LY->index()
 6 SYSTEMPATH\CodeIgniter.php(499): CodeIgniter\CodeIgniter->runController(Object(App\Controllers\LY))
 7 SYSTEMPATH\CodeIgniter.php(368): CodeIgniter\CodeIgniter->handleRequest(null, Object(Config\Cache), false)
 8 FCPATH\index.php(67): CodeIgniter\CodeIgniter->run()
 9 SYSTEMPATH\Commands\Server\rewrite.php(47): require_once('C:\\xampp\\htdocs\\webpro\\public\\index.php')
CRITICAL - 2023-07-11 07:31:39 --> Invalid file: "Layout/wahyu_326021000089.php"
in SYSTEMPATH\Exceptions\FrameworkException.php on line 33.
 1 SYSTEMPATH\View\View.php(201): CodeIgniter\Exceptions\FrameworkException::forInvalidFile('Layout/wahyu_326021000089.php')
 2 SYSTEMPATH\View\View.php(229): CodeIgniter\View\View->render('Layout/wahyu_326021000089', [], true)
 3 SYSTEMPATH\Common.php(1184): CodeIgniter\View\View->render('Layout/wahyu _32602100089', [], true)
 4 APPPATH\Controllers\LY.php(10): view('Layout/wahyu _32602100089')
 5 SYSTEMPATH\CodeIgniter.php(934): App\Controllers\LY->index()
 6 SYSTEMPATH\CodeIgniter.php(499): CodeIgniter\CodeIgniter->runController(Object(App\Controllers\LY))
 7 SYSTEMPATH\CodeIgniter.php(368): CodeIgniter\CodeIgniter->handleRequest(null, Object(Config\Cache), false)
 8 FCPATH\index.php(67): CodeIgniter\CodeIgniter->run()
 9 SYSTEMPATH\Commands\Server\rewrite.php(47): require_once('C:\\xampp\\htdocs\\webpro\\public\\index.php')
CRITICAL - 2023-07-11 07:31:39 --> Invalid file: "Layout/wahyu_326021000089.php"
in SYSTEMPATH\Exceptions\FrameworkException.php on line 33.
 1 SYSTEMPATH\View\View.php(201): CodeIgniter\Exceptions\FrameworkException::forInvalidFile('Layout/wahyu_326021000089.php')
 2 SYSTEMPATH\View\View.php(229): CodeIgniter\View\View->render('Layout/wahyu_326021000089', [], true)
 3 SYSTEMPATH\Common.php(1184): CodeIgniter\View\View->render('Layout/wahyu _32602100089', [], true)
 4 APPPATH\Controllers\LY.php(10): view('Layout/wahyu _32602100089')
 5 SYSTEMPATH\CodeIgniter.php(934): App\Controllers\LY->index()
 6 SYSTEMPATH\CodeIgniter.php(499): CodeIgniter\CodeIgniter->runController(Object(App\Controllers\LY))
 7 SYSTEMPATH\CodeIgniter.php(368): CodeIgniter\CodeIgniter->handleRequest(null, Object(Config\Cache), false)
 8 FCPATH\index.php(67): CodeIgniter\CodeIgniter->run()
 9 SYSTEMPATH\Commands\Server\rewrite.php(47): require_once('C:\\xampp\\htdocs\\webpro\\public\\index.php')
CRITICAL - 2023-07-11 07:31:39 --> Invalid file: "Layout/wahyu_326021000089.php"
in SYSTEMPATH\Exceptions\FrameworkException.php on line 33.
 1 SYSTEMPATH\View\View.php(201): CodeIgniter\Exceptions\FrameworkException::forInvalidFile('Layout/wahyu_326021000089.php')
 2 SYSTEMPATH\View\View.php(229): CodeIgniter\View\View->render('Layout/wahyu_326021000089', [], true)
 3 SYSTEMPATH\Common.php(1184): CodeIgniter\View\View->render('Layout/wahyu _32602100089', [], true)
 4 APPPATH\Controllers\LY.php(10): view('Layout/wahyu _32602100089')
 5 SYSTEMPATH\CodeIgniter.php(934): App\Controllers\LY->index()
 6 SYSTEMPATH\CodeIgniter.php(499): CodeIgniter\CodeIgniter->runController(Object(App\Controllers\LY))
 7 SYSTEMPATH\CodeIgniter.php(368): CodeIgniter\CodeIgniter->handleRequest(null, Object(Config\Cache), false)
 8 FCPATH\index.php(67): CodeIgniter\CodeIgniter->run()
 9 SYSTEMPATH\Commands\Server\rewrite.php(47): require_once('C:\\xampp\\htdocs\\webpro\\public\\index.php')
CRITICAL - 2023-07-11 07:33:05 --> Invalid file: "Layout/wahyu_326021000089.php"
in SYSTEMPATH\Exceptions\FrameworkException.php on line 33.
 1 SYSTEMPATH\View\View.php(201): CodeIgniter\Exceptions\FrameworkException::forInvalidFile('Layout/wahyu_326021000089.php')
 2 SYSTEMPATH\View\View.php(229): CodeIgniter\View\View->render('Layout/wahyu_326021000089', [], true)
 3 SYSTEMPATH\Common.php(1184): CodeIgniter\View\View->render('Layout/wahyu_32602100089', [], true)
 4 APPPATH\Controllers\LY.php(10): view('Layout/wahyu_32602100089')
 5 SYSTEMPATH\CodeIgniter.php(934): App\Controllers\LY->index()
 6 SYSTEMPATH\CodeIgniter.php(499): CodeIgniter\CodeIgniter->runController(Object(App\Controllers\LY))
 7 SYSTEMPATH\CodeIgniter.php(368): CodeIgniter\CodeIgniter->handleRequest(null, Object(Config\Cache), false)
 8 FCPATH\index.php(67): CodeIgniter\CodeIgniter->run()
 9 SYSTEMPATH\Commands\Server\rewrite.php(47): require_once('C:\\xampp\\htdocs\\webpro\\public\\index.php')
CRITICAL - 2023-07-11 07:33:06 --> Invalid file: "Layout/wahyu_326021000089.php"
in SYSTEMPATH\Exceptions\FrameworkException.php on line 33.
 1 SYSTEMPATH\View\View.php(201): CodeIgniter\Exceptions\FrameworkException::forInvalidFile('Layout/wahyu_326021000089.php')
 2 SYSTEMPATH\View\View.php(229): CodeIgniter\View\View->render('Layout/wahyu_326021000089', [], true)
 3 SYSTEMPATH\Common.php(1184): CodeIgniter\View\View->render('Layout/wahyu_32602100089', [], true)
 4 APPPATH\Controllers\LY.php(10): view('Layout/wahyu_32602100089')
 5 SYSTEMPATH\CodeIgniter.php(934): App\Controllers\LY->index()
 6 SYSTEMPATH\CodeIgniter.php(499): CodeIgniter\CodeIgniter->runController(Object(App\Controllers\LY))
 7 SYSTEMPATH\CodeIgniter.php(368): CodeIgniter\CodeIgniter->handleRequest(null, Object(Config\Cache), false)
 8 FCPATH\index.php(67): CodeIgniter\CodeIgniter->run()
 9 SYSTEMPATH\Commands\Server\rewrite.php(47): require_once('C:\\xampp\\htdocs\\webpro\\public\\index.php')
CRITICAL - 2023-07-11 07:33:06 --> Invalid file: "Layout/wahyu_326021000089.php"
in SYSTEMPATH\Exceptions\FrameworkException.php on line 33.
 1 SYSTEMPATH\View\View.php(201): CodeIgniter\Exceptions\FrameworkException::forInvalidFile('Layout/wahyu_326021000089.php')
 2 SYSTEMPATH\View\View.php(229): CodeIgniter\View\View->render('Layout/wahyu_326021000089', [], true)
 3 SYSTEMPATH\Common.php(1184): CodeIgniter\View\View->render('Layout/wahyu_32602100089', [], true)
 4 APPPATH\Controllers\LY.php(10): view('Layout/wahyu_32602100089')
 5 SYSTEMPATH\CodeIgniter.php(934): App\Controllers\LY->index()
 6 SYSTEMPATH\CodeIgniter.php(499): CodeIgniter\CodeIgniter->runController(Object(App\Controllers\LY))
 7 SYSTEMPATH\CodeIgniter.php(368): CodeIgniter\CodeIgniter->handleRequest(null, Object(Config\Cache), false)
 8 FCPATH\index.php(67): CodeIgniter\CodeIgniter->run()
 9 SYSTEMPATH\Commands\Server\rewrite.php(47): require_once('C:\\xampp\\htdocs\\webpro\\public\\index.php')
CRITICAL - 2023-07-11 07:33:06 --> Invalid file: "Layout/wahyu_326021000089.php"
in SYSTEMPATH\Exceptions\FrameworkException.php on line 33.
 1 SYSTEMPATH\View\View.php(201): CodeIgniter\Exceptions\FrameworkException::forInvalidFile('Layout/wahyu_326021000089.php')
 2 SYSTEMPATH\View\View.php(229): CodeIgniter\View\View->render('Layout/wahyu_326021000089', [], true)
 3 SYSTEMPATH\Common.php(1184): CodeIgniter\View\View->render('Layout/wahyu_32602100089', [], true)
 4 APPPATH\Controllers\LY.php(10): view('Layout/wahyu_32602100089')
 5 SYSTEMPATH\CodeIgniter.php(934): App\Controllers\LY->index()
 6 SYSTEMPATH\CodeIgniter.php(499): CodeIgniter\CodeIgniter->runController(Object(App\Controllers\LY))
 7 SYSTEMPATH\CodeIgniter.php(368): CodeIgniter\CodeIgniter->handleRequest(null, Object(Config\Cache), false)
 8 FCPATH\index.php(67): CodeIgniter\CodeIgniter->run()
 9 SYSTEMPATH\Commands\Server\rewrite.php(47): require_once('C:\\xampp\\htdocs\\webpro\\public\\index.php')
CRITICAL - 2023-07-11 07:33:15 --> Invalid file: "Layout/about.php"
in SYSTEMPATH\Exceptions\FrameworkException.php on line 33.
 1 SYSTEMPATH\View\View.php(201): CodeIgniter\Exceptions\FrameworkException::forInvalidFile('Layout/about.php')
 2 SYSTEMPATH\Common.php(1184): CodeIgniter\View\View->render('Layout/about', [], true)
 3 APPPATH\Controllers\LY.php(10): view('Layout/about')
 4 SYSTEMPATH\CodeIgniter.php(934): App\Controllers\LY->index()
 5 SYSTEMPATH\CodeIgniter.php(499): CodeIgniter\CodeIgniter->runController(Object(App\Controllers\LY))
 6 SYSTEMPATH\CodeIgniter.php(368): CodeIgniter\CodeIgniter->handleRequest(null, Object(Config\Cache), false)
 7 FCPATH\index.php(67): CodeIgniter\CodeIgniter->run()
 8 SYSTEMPATH\Commands\Server\rewrite.php(47): require_once('C:\\xampp\\htdocs\\webpro\\public\\index.php')
CRITICAL - 2023-07-11 07:33:16 --> Invalid file: "Layout/about.php"
in SYSTEMPATH\Exceptions\FrameworkException.php on line 33.
 1 SYSTEMPATH\View\View.php(201): CodeIgniter\Exceptions\FrameworkException::forInvalidFile('Layout/about.php')
 2 SYSTEMPATH\Common.php(1184): CodeIgniter\View\View->render('Layout/about', [], true)
 3 APPPATH\Controllers\LY.php(10): view('Layout/about')
 4 SYSTEMPATH\CodeIgniter.php(934): App\Controllers\LY->index()
 5 SYSTEMPATH\CodeIgniter.php(499): CodeIgniter\CodeIgniter->runController(Object(App\Controllers\LY))
 6 SYSTEMPATH\CodeIgniter.php(368): CodeIgniter\CodeIgniter->handleRequest(null, Object(Config\Cache), false)
 7 FCPATH\index.php(67): CodeIgniter\CodeIgniter->run()
 8 SYSTEMPATH\Commands\Server\rewrite.php(47): require_once('C:\\xampp\\htdocs\\webpro\\public\\index.php')
CRITICAL - 2023-07-11 07:33:16 --> Invalid file: "Layout/about.php"
in SYSTEMPATH\Exceptions\FrameworkException.php on line 33.
 1 SYSTEMPATH\View\View.php(201): CodeIgniter\Exceptions\FrameworkException::forInvalidFile('Layout/about.php')
 2 SYSTEMPATH\Common.php(1184): CodeIgniter\View\View->render('Layout/about', [], true)
 3 APPPATH\Controllers\LY.php(10): view('Layout/about')
 4 SYSTEMPATH\CodeIgniter.php(934): App\Controllers\LY->index()
 5 SYSTEMPATH\CodeIgniter.php(499): CodeIgniter\CodeIgniter->runController(Object(App\Controllers\LY))
 6 SYSTEMPATH\CodeIgniter.php(368): CodeIgniter\CodeIgniter->handleRequest(null, Object(Config\Cache), false)
 7 FCPATH\index.php(67): CodeIgniter\CodeIgniter->run()
 8 SYSTEMPATH\Commands\Server\rewrite.php(47): require_once('C:\\xampp\\htdocs\\webpro\\public\\index.php')
CRITICAL - 2023-07-11 07:33:16 --> Invalid file: "Layout/about.php"
in SYSTEMPATH\Exceptions\FrameworkException.php on line 33.
 1 SYSTEMPATH\View\View.php(201): CodeIgniter\Exceptions\FrameworkException::forInvalidFile('Layout/about.php')
 2 SYSTEMPATH\Common.php(1184): CodeIgniter\View\View->render('Layout/about', [], true)
 3 APPPATH\Controllers\LY.php(10): view('Layout/about')
 4 SYSTEMPATH\CodeIgniter.php(934): App\Controllers\LY->index()
 5 SYSTEMPATH\CodeIgniter.php(499): CodeIgniter\CodeIgniter->runController(Object(App\Controllers\LY))
 6 SYSTEMPATH\CodeIgniter.php(368): CodeIgniter\CodeIgniter->handleRequest(null, Object(Config\Cache), false)
 7 FCPATH\index.php(67): CodeIgniter\CodeIgniter->run()
 8 SYSTEMPATH\Commands\Server\rewrite.php(47): require_once('C:\\xampp\\htdocs\\webpro\\public\\index.php')
CRITICAL - 2023-07-11 07:33:42 --> Invalid file: "Layout/about.php"
in SYSTEMPATH\Exceptions\FrameworkException.php on line 33.
 1 SYSTEMPATH\View\View.php(201): CodeIgniter\Exceptions\FrameworkException::forInvalidFile('Layout/about.php')
 2 SYSTEMPATH\Common.php(1184): CodeIgniter\View\View->render('Layout/about', [], true)
 3 APPPATH\Controllers\LY.php(10): view('Layout/about')
 4 SYSTEMPATH\CodeIgniter.php(934): App\Controllers\LY->index()
 5 SYSTEMPATH\CodeIgniter.php(499): CodeIgniter\CodeIgniter->runController(Object(App\Controllers\LY))
 6 SYSTEMPATH\CodeIgniter.php(368): CodeIgniter\CodeIgniter->handleRequest(null, Object(Config\Cache), false)
 7 FCPATH\index.php(67): CodeIgniter\CodeIgniter->run()
 8 SYSTEMPATH\Commands\Server\rewrite.php(47): require_once('C:\\xampp\\htdocs\\webpro\\public\\index.php')
CRITICAL - 2023-07-11 07:33:42 --> Invalid file: "Layout/about.php"
in SYSTEMPATH\Exceptions\FrameworkException.php on line 33.
 1 SYSTEMPATH\View\View.php(201): CodeIgniter\Exceptions\FrameworkException::forInvalidFile('Layout/about.php')
 2 SYSTEMPATH\Common.php(1184): CodeIgniter\View\View->render('Layout/about', [], true)
 3 APPPATH\Controllers\LY.php(10): view('Layout/about')
 4 SYSTEMPATH\CodeIgniter.php(934): App\Controllers\LY->index()
 5 SYSTEMPATH\CodeIgniter.php(499): CodeIgniter\CodeIgniter->runController(Object(App\Controllers\LY))
 6 SYSTEMPATH\CodeIgniter.php(368): CodeIgniter\CodeIgniter->handleRequest(null, Object(Config\Cache), false)
 7 FCPATH\index.php(67): CodeIgniter\CodeIgniter->run()
 8 SYSTEMPATH\Commands\Server\rewrite.php(47): require_once('C:\\xampp\\htdocs\\webpro\\public\\index.php')
CRITICAL - 2023-07-11 07:33:43 --> Invalid file: "Layout/about.php"
in SYSTEMPATH\Exceptions\FrameworkException.php on line 33.
 1 SYSTEMPATH\View\View.php(201): CodeIgniter\Exceptions\FrameworkException::forInvalidFile('Layout/about.php')
 2 SYSTEMPATH\Common.php(1184): CodeIgniter\View\View->render('Layout/about', [], true)
 3 APPPATH\Controllers\LY.php(10): view('Layout/about')
 4 SYSTEMPATH\CodeIgniter.php(934): App\Controllers\LY->index()
 5 SYSTEMPATH\CodeIgniter.php(499): CodeIgniter\CodeIgniter->runController(Object(App\Controllers\LY))
 6 SYSTEMPATH\CodeIgniter.php(368): CodeIgniter\CodeIgniter->handleRequest(null, Object(Config\Cache), false)
 7 FCPATH\index.php(67): CodeIgniter\CodeIgniter->run()
 8 SYSTEMPATH\Commands\Server\rewrite.php(47): require_once('C:\\xampp\\htdocs\\webpro\\public\\index.php')
CRITICAL - 2023-07-11 07:33:43 --> Invalid file: "Layout/about.php"
in SYSTEMPATH\Exceptions\FrameworkException.php on line 33.
 1 SYSTEMPATH\View\View.php(201): CodeIgniter\Exceptions\FrameworkException::forInvalidFile('Layout/about.php')
 2 SYSTEMPATH\Common.php(1184): CodeIgniter\View\View->render('Layout/about', [], true)
 3 APPPATH\Controllers\LY.php(10): view('Layout/about')
 4 SYSTEMPATH\CodeIgniter.php(934): App\Controllers\LY->index()
 5 SYSTEMPATH\CodeIgniter.php(499): CodeIgniter\CodeIgniter->runController(Object(App\Controllers\LY))
 6 SYSTEMPATH\CodeIgniter.php(368): CodeIgniter\CodeIgniter->handleRequest(null, Object(Config\Cache), false)
 7 FCPATH\index.php(67): CodeIgniter\CodeIgniter->run()
 8 SYSTEMPATH\Commands\Server\rewrite.php(47): require_once('C:\\xampp\\htdocs\\webpro\\public\\index.php')
CRITICAL - 2023-07-11 09:03:19 --> Invalid file: "welcome_massage.php"
in SYSTEMPATH\Exceptions\FrameworkException.php on line 33.
 1 SYSTEMPATH\View\View.php(201): CodeIgniter\Exceptions\FrameworkException::forInvalidFile('welcome_massage.php')
 2 SYSTEMPATH\Common.php(1184): CodeIgniter\View\View->render('welcome_massage', [], true)
 3 APPPATH\Controllers\Tugas.php(9): view('welcome_massage')
 4 SYSTEMPATH\CodeIgniter.php(934): App\Controllers\Tugas->index()
 5 SYSTEMPATH\CodeIgniter.php(499): CodeIgniter\CodeIgniter->runController(Object(App\Controllers\Tugas))
 6 SYSTEMPATH\CodeIgniter.php(368): CodeIgniter\CodeIgniter->handleRequest(null, Object(Config\Cache), false)
 7 FCPATH\index.php(67): CodeIgniter\CodeIgniter->run()
 8 SYSTEMPATH\Commands\Server\rewrite.php(47): require_once('C:\\xampp\\htdocs\\webpro\\public\\index.php')
CRITICAL - 2023-07-11 09:16:59 --> Undefined constant "base"
in APPPATH\Views\tugas\header.php on line 25.
 1 SYSTEMPATH\View\View.php(213): include()
 2 SYSTEMPATH\View\View.php(216): CodeIgniter\View\View->CodeIgniter\View\{closure}()
 3 SYSTEMPATH\Common.php(1184): CodeIgniter\View\View->render('tugas/header', [], true)
 4 APPPATH\Controllers\Tugas.php(9): view('tugas/header')
 5 SYSTEMPATH\CodeIgniter.php(934): App\Controllers\Tugas->index()
 6 SYSTEMPATH\CodeIgniter.php(499): CodeIgniter\CodeIgniter->runController(Object(App\Controllers\Tugas))
 7 SYSTEMPATH\CodeIgniter.php(368): CodeIgniter\CodeIgniter->handleRequest(null, Object(Config\Cache), false)
 8 FCPATH\index.php(67): CodeIgniter\CodeIgniter->run()
 9 SYSTEMPATH\Commands\Server\rewrite.php(47): require_once('C:\\xampp\\htdocs\\webpro\\public\\index.php')
CRITICAL - 2023-07-11 09:18:20 --> Undefined constant "base"
in APPPATH\Views\Layout\header.php on line 25.
 1 SYSTEMPATH\View\View.php(213): include()
 2 SYSTEMPATH\View\View.php(216): CodeIgniter\View\View->CodeIgniter\View\{closure}()
 3 SYSTEMPATH\Common.php(1184): CodeIgniter\View\View->render('Layout/header', [], true)
 4 APPPATH\Controllers\Tugas.php(9): view('Layout/header')
 5 SYSTEMPATH\CodeIgniter.php(934): App\Controllers\Tugas->index()
 6 SYSTEMPATH\CodeIgniter.php(499): CodeIgniter\CodeIgniter->runController(Object(App\Controllers\Tugas))
 7 SYSTEMPATH\CodeIgniter.php(368): CodeIgniter\CodeIgniter->handleRequest(null, Object(Config\Cache), false)
 8 FCPATH\index.php(67): CodeIgniter\CodeIgniter->run()
 9 SYSTEMPATH\Commands\Server\rewrite.php(47): require_once('C:\\xampp\\htdocs\\webpro\\public\\index.php')
CRITICAL - 2023-07-11 09:18:21 --> Undefined constant "base"
in APPPATH\Views\Layout\header.php on line 25.
 1 SYSTEMPATH\View\View.php(213): include()
 2 SYSTEMPATH\View\View.php(216): CodeIgniter\View\View->CodeIgniter\View\{closure}()
 3 SYSTEMPATH\Common.php(1184): CodeIgniter\View\View->render('Layout/header', [], true)
 4 APPPATH\Controllers\Tugas.php(9): view('Layout/header')
 5 SYSTEMPATH\CodeIgniter.php(934): App\Controllers\Tugas->index()
 6 SYSTEMPATH\CodeIgniter.php(499): CodeIgniter\CodeIgniter->runController(Object(App\Controllers\Tugas))
 7 SYSTEMPATH\CodeIgniter.php(368): CodeIgniter\CodeIgniter->handleRequest(null, Object(Config\Cache), false)
 8 FCPATH\index.php(67): CodeIgniter\CodeIgniter->run()
 9 SYSTEMPATH\Commands\Server\rewrite.php(47): require_once('C:\\xampp\\htdocs\\webpro\\public\\index.php')
CRITICAL - 2023-07-11 09:18:22 --> Undefined constant "base"
in APPPATH\Views\Layout\header.php on line 25.
 1 SYSTEMPATH\View\View.php(213): include()
 2 SYSTEMPATH\View\View.php(216): CodeIgniter\View\View->CodeIgniter\View\{closure}()
 3 SYSTEMPATH\Common.php(1184): CodeIgniter\View\View->render('Layout/header', [], true)
 4 APPPATH\Controllers\Tugas.php(9): view('Layout/header')
 5 SYSTEMPATH\CodeIgniter.php(934): App\Controllers\Tugas->index()
 6 SYSTEMPATH\CodeIgniter.php(499): CodeIgniter\CodeIgniter->runController(Object(App\Controllers\Tugas))
 7 SYSTEMPATH\CodeIgniter.php(368): CodeIgniter\CodeIgniter->handleRequest(null, Object(Config\Cache), false)
 8 FCPATH\index.php(67): CodeIgniter\CodeIgniter->run()
 9 SYSTEMPATH\Commands\Server\rewrite.php(47): require_once('C:\\xampp\\htdocs\\webpro\\public\\index.php')
CRITICAL - 2023-07-11 09:19:04 --> Undefined constant "base"
in APPPATH\Views\Layout\header.php on line 25.
 1 SYSTEMPATH\View\View.php(213): include()
 2 SYSTEMPATH\View\View.php(216): CodeIgniter\View\View->CodeIgniter\View\{closure}()
 3 SYSTEMPATH\Common.php(1184): CodeIgniter\View\View->render('Layout/header', [], true)
 4 APPPATH\Controllers\Tugas.php(16): view('Layout/header')
 5 SYSTEMPATH\CodeIgniter.php(934): App\Controllers\Tugas->About()
 6 SYSTEMPATH\CodeIgniter.php(499): CodeIgniter\CodeIgniter->runController(Object(App\Controllers\Tugas))
 7 SYSTEMPATH\CodeIgniter.php(368): CodeIgniter\CodeIgniter->handleRequest(null, Object(Config\Cache), false)
 8 FCPATH\index.php(67): CodeIgniter\CodeIgniter->run()
 9 SYSTEMPATH\Commands\Server\rewrite.php(47): require_once('C:\\xampp\\htdocs\\webpro\\public\\index.php')
CRITICAL - 2023-07-11 09:20:38 --> Undefined constant "base"
in APPPATH\Views\Layout\header.php on line 25.
 1 SYSTEMPATH\View\View.php(213): include()
 2 SYSTEMPATH\View\View.php(216): CodeIgniter\View\View->CodeIgniter\View\{closure}()
 3 SYSTEMPATH\Common.php(1184): CodeIgniter\View\View->render('Layout/header', [], true)
 4 APPPATH\Controllers\Tugas.php(9): view('Layout/header')
 5 SYSTEMPATH\CodeIgniter.php(934): App\Controllers\Tugas->index()
 6 SYSTEMPATH\CodeIgniter.php(499): CodeIgniter\CodeIgniter->runController(Object(App\Controllers\Tugas))
 7 SYSTEMPATH\CodeIgniter.php(368): CodeIgniter\CodeIgniter->handleRequest(null, Object(Config\Cache), false)
 8 FCPATH\index.php(67): CodeIgniter\CodeIgniter->run()
 9 SYSTEMPATH\Commands\Server\rewrite.php(47): require_once('C:\\xampp\\htdocs\\webpro\\public\\index.php')
CRITICAL - 2023-07-11 11:51:27 --> Invalid file: "test/background.php"
in SYSTEMPATH\Exceptions\FrameworkException.php on line 33.
 1 SYSTEMPATH\View\View.php(201): CodeIgniter\Exceptions\FrameworkException::forInvalidFile('test/background.php')
 2 SYSTEMPATH\Common.php(1184): CodeIgniter\View\View->render('test/background', [], true)
 3 APPPATH\Controllers\C1.php(9): view('test/background')
 4 SYSTEMPATH\CodeIgniter.php(934): App\Controllers\C1->index()
 5 SYSTEMPATH\CodeIgniter.php(499): CodeIgniter\CodeIgniter->runController(Object(App\Controllers\C1))
 6 SYSTEMPATH\CodeIgniter.php(368): CodeIgniter\CodeIgniter->handleRequest(null, Object(Config\Cache), false)
 7 FCPATH\index.php(67): CodeIgniter\CodeIgniter->run()
 8 SYSTEMPATH\Commands\Server\rewrite.php(47): require_once('C:\\xampp\\htdocs\\webpro\\public\\index.php')
CRITICAL - 2023-07-11 11:52:51 --> Invalid file: "test/background.php"
in SYSTEMPATH\Exceptions\FrameworkException.php on line 33.
 1 SYSTEMPATH\View\View.php(201): CodeIgniter\Exceptions\FrameworkException::forInvalidFile('test/background.php')
 2 SYSTEMPATH\Common.php(1184): CodeIgniter\View\View->render('test/background', [], true)
 3 APPPATH\Controllers\Test.php(9): view('test/background')
 4 SYSTEMPATH\CodeIgniter.php(934): App\Controllers\Test->index()
 5 SYSTEMPATH\CodeIgniter.php(499): CodeIgniter\CodeIgniter->runController(Object(App\Controllers\Test))
 6 SYSTEMPATH\CodeIgniter.php(368): CodeIgniter\CodeIgniter->handleRequest(null, Object(Config\Cache), false)
 7 FCPATH\index.php(67): CodeIgniter\CodeIgniter->run()
 8 SYSTEMPATH\Commands\Server\rewrite.php(47): require_once('C:\\xampp\\htdocs\\webpro\\public\\index.php')
CRITICAL - 2023-07-11 11:53:50 --> Invalid file: "test/background.php"
in SYSTEMPATH\Exceptions\FrameworkException.php on line 33.
 1 SYSTEMPATH\View\View.php(201): CodeIgniter\Exceptions\FrameworkException::forInvalidFile('test/background.php')
 2 SYSTEMPATH\Common.php(1184): CodeIgniter\View\View->render('test/background', [], true)
 3 APPPATH\Controllers\Test.php(9): view('test/background')
 4 SYSTEMPATH\CodeIgniter.php(934): App\Controllers\Test->index()
 5 SYSTEMPATH\CodeIgniter.php(499): CodeIgniter\CodeIgniter->runController(Object(App\Controllers\Test))
 6 SYSTEMPATH\CodeIgniter.php(368): CodeIgniter\CodeIgniter->handleRequest(null, Object(Config\Cache), false)
 7 FCPATH\index.php(67): CodeIgniter\CodeIgniter->run()
 8 SYSTEMPATH\Commands\Server\rewrite.php(47): require_once('C:\\xampp\\htdocs\\webpro\\public\\index.php')
CRITICAL - 2023-07-11 11:55:00 --> Invalid file: "test/background.php"
in SYSTEMPATH\Exceptions\FrameworkException.php on line 33.
 1 SYSTEMPATH\View\View.php(201): CodeIgniter\Exceptions\FrameworkException::forInvalidFile('test/background.php')
 2 SYSTEMPATH\Common.php(1184): CodeIgniter\View\View->render('test/background', [], true)
 3 APPPATH\Controllers\Test.php(9): view('test/background')
 4 SYSTEMPATH\CodeIgniter.php(934): App\Controllers\Test->index()
 5 SYSTEMPATH\CodeIgniter.php(499): CodeIgniter\CodeIgniter->runController(Object(App\Controllers\Test))
 6 SYSTEMPATH\CodeIgniter.php(368): CodeIgniter\CodeIgniter->handleRequest(null, Object(Config\Cache), false)
 7 FCPATH\index.php(67): CodeIgniter\CodeIgniter->run()
 8 SYSTEMPATH\Commands\Server\rewrite.php(47): require_once('C:\\xampp\\htdocs\\webpro\\public\\index.php')
CRITICAL - 2023-07-11 11:55:39 --> Invalid file: "test/background.php"
in SYSTEMPATH\Exceptions\FrameworkException.php on line 33.
 1 SYSTEMPATH\View\View.php(201): CodeIgniter\Exceptions\FrameworkException::forInvalidFile('test/background.php')
 2 SYSTEMPATH\Common.php(1184): CodeIgniter\View\View->render('test/background', [], true)
 3 APPPATH\Controllers\Test.php(9): view('test/background')
 4 SYSTEMPATH\CodeIgniter.php(934): App\Controllers\Test->index()
 5 SYSTEMPATH\CodeIgniter.php(499): CodeIgniter\CodeIgniter->runController(Object(App\Controllers\Test))
 6 SYSTEMPATH\CodeIgniter.php(368): CodeIgniter\CodeIgniter->handleRequest(null, Object(Config\Cache), false)
 7 FCPATH\index.php(67): CodeIgniter\CodeIgniter->run()
 8 SYSTEMPATH\Commands\Server\rewrite.php(47): require_once('C:\\xampp\\htdocs\\webpro\\public\\index.php')
CRITICAL - 2023-07-11 11:55:40 --> Invalid file: "test/background.php"
in SYSTEMPATH\Exceptions\FrameworkException.php on line 33.
 1 SYSTEMPATH\View\View.php(201): CodeIgniter\Exceptions\FrameworkException::forInvalidFile('test/background.php')
 2 SYSTEMPATH\Common.php(1184): CodeIgniter\View\View->render('test/background', [], true)
 3 APPPATH\Controllers\Test.php(9): view('test/background')
 4 SYSTEMPATH\CodeIgniter.php(934): App\Controllers\Test->index()
 5 SYSTEMPATH\CodeIgniter.php(499): CodeIgniter\CodeIgniter->runController(Object(App\Controllers\Test))
 6 SYSTEMPATH\CodeIgniter.php(368): CodeIgniter\CodeIgniter->handleRequest(null, Object(Config\Cache), false)
 7 FCPATH\index.php(67): CodeIgniter\CodeIgniter->run()
 8 SYSTEMPATH\Commands\Server\rewrite.php(47): require_once('C:\\xampp\\htdocs\\webpro\\public\\index.php')
