CRITICAL - 2023-07-12 05:57:14 --> Invalid file: "Layout/about.php"
in SYSTEMPATH\Exceptions\FrameworkException.php on line 33.
 1 SYSTEMPATH\View\View.php(201): CodeIgniter\Exceptions\FrameworkException::forInvalidFile('Layout/about.php')
 2 SYSTEMPATH\Common.php(1184): CodeIgniter\View\View->render('Layout/about', [], true)
 3 APPPATH\Controllers\LY.php(10): view('Layout/about')
 4 SYSTEMPATH\CodeIgniter.php(934): App\Controllers\LY->index()
 5 SYSTEMPATH\CodeIgniter.php(499): CodeIgniter\CodeIgniter->runController(Object(App\Controllers\LY))
 6 SYSTEMPATH\CodeIgniter.php(368): CodeIgniter\CodeIgniter->handleRequest(null, Object(Config\Cache), false)
 7 FCPATH\index.php(67): CodeIgniter\CodeIgniter->run()
 8 SYSTEMPATH\Commands\Server\rewrite.php(47): require_once('C:\\xampp\\htdocs\\webpro\\public\\index.php')
CRITICAL - 2023-07-12 05:58:18 --> Invalid file: "Layout/about.php"
in SYSTEMPATH\Exceptions\FrameworkException.php on line 33.
 1 SYSTEMPATH\View\View.php(201): CodeIgniter\Exceptions\FrameworkException::forInvalidFile('Layout/about.php')
 2 SYSTEMPATH\Common.php(1184): CodeIgniter\View\View->render('Layout/about', [], true)
 3 APPPATH\Controllers\LY.php(9): view('Layout/about')
 4 SYSTEMPATH\CodeIgniter.php(934): App\Controllers\LY->index()
 5 SYSTEMPATH\CodeIgniter.php(499): CodeIgniter\CodeIgniter->runController(Object(App\Controllers\LY))
 6 SYSTEMPATH\CodeIgniter.php(368): CodeIgniter\CodeIgniter->handleRequest(null, Object(Config\Cache), false)
 7 FCPATH\index.php(67): CodeIgniter\CodeIgniter->run()
 8 SYSTEMPATH\Commands\Server\rewrite.php(47): require_once('C:\\xampp\\htdocs\\webpro\\public\\index.php')
