CRITICAL - 2023-07-18 03:36:43 --> Invalid file: "Layout/beranda.php"
in SYSTEMPATH\Exceptions\FrameworkException.php on line 33.
 1 SYSTEMPATH\View\View.php(201): CodeIgniter\Exceptions\FrameworkException::forInvalidFile('Layout/beranda.php')
 2 SYSTEMPATH\Common.php(1184): CodeIgniter\View\View->render('Layout/beranda', [], true)
 3 APPPATH\Controllers\Tugas.php(9): view('Layout/beranda')
 4 SYSTEMPATH\CodeIgniter.php(934): App\Controllers\Tugas->index()
 5 SYSTEMPATH\CodeIgniter.php(499): CodeIgniter\CodeIgniter->runController(Object(App\Controllers\Tugas))
 6 SYSTEMPATH\CodeIgniter.php(368): CodeIgniter\CodeIgniter->handleRequest(null, Object(Config\Cache), false)
 7 FCPATH\index.php(67): CodeIgniter\CodeIgniter->run()
 8 SYSTEMPATH\Commands\Server\rewrite.php(47): require_once('C:\\xampp\\htdocs\\webpro\\public\\index.php')
CRITICAL - 2023-07-18 03:46:59 --> Call to undefined function renderSection()
in APPPATH\Views\Layout\header.php on line 43.
 1 SYSTEMPATH\View\View.php(213): include()
 2 SYSTEMPATH\View\View.php(216): CodeIgniter\View\View->CodeIgniter\View\{closure}()
 3 SYSTEMPATH\View\View.php(229): CodeIgniter\View\View->render('Layout/header', [], true)
 4 SYSTEMPATH\Common.php(1184): CodeIgniter\View\View->render('tugas/about', [], true)
 5 APPPATH\Controllers\Tugas.php(14): view('tugas/about')
 6 SYSTEMPATH\CodeIgniter.php(934): App\Controllers\Tugas->tentang()
 7 SYSTEMPATH\CodeIgniter.php(499): CodeIgniter\CodeIgniter->runController(Object(App\Controllers\Tugas))
 8 SYSTEMPATH\CodeIgniter.php(368): CodeIgniter\CodeIgniter->handleRequest(null, Object(Config\Cache), false)
 9 FCPATH\index.php(67): CodeIgniter\CodeIgniter->run()
10 SYSTEMPATH\Commands\Server\rewrite.php(47): require_once('C:\\xampp\\htdocs\\webpro\\public\\index.php')
